\BOOKMARK [0][]{chapter*.1}{\376\377\003\240\003\265\003\301\003\257\003\273\003\267\003\310\003\267}{}% 1
\BOOKMARK [0][]{chapter*.3}{\376\377\000A\000b\000s\000t\000r\000a\000c\000t}{}% 2
\BOOKMARK [0][]{chapter*.5}{\376\377\003\225\003\305\003\307\003\261\003\301\003\271\003\303\003\304\003\257\003\265\003\302}{}% 3
\BOOKMARK [0][]{chapter*.6}{\376\377\003\240\003\265\003\301\003\271\003\265\003\307\003\314\003\274\003\265\003\275\003\261}{}% 4
\BOOKMARK [0][]{chapter*.7}{\376\377\003\232\003\261\003\304\003\254\003\273\003\277\003\263\003\277\003\302\000\040\003\303\003\307\003\267\003\274\003\254\003\304\003\311\003\275}{}% 5
\BOOKMARK [0][]{chapter.8}{\376\377\003\225\003\271\003\303\003\261\003\263\003\311\003\263\003\256}{}% 6
\BOOKMARK [0][]{chapter.9}{\376\377\003\230\003\265\003\311\003\301\003\267\003\304\003\271\003\272\003\314\000\040\003\305\003\300\003\314\003\262\003\261\003\270\003\301\003\277}{}% 7
\BOOKMARK [1][]{section.10}{\376\377\003\244\003\265\003\307\003\275\003\271\003\272\003\255\003\302\000\040\003\240\003\301\003\277\003\262\003\273\003\255\003\310\003\265\003\311\003\275}{chapter.9}% 8
\BOOKMARK [2][]{subsection.11}{\376\377\003\237\003\301\003\271\003\303\003\274\003\314\003\302\000\040\003\272\003\261\003\271\000\040\003\224\003\271\003\261\003\264\003\271\003\272\003\261\003\303\003\257\003\261\000\040\003\240\003\301\003\314\003\262\003\273\003\265\003\310\003\267\003\302}{section.10}% 9
\BOOKMARK [2][]{subsection.17}{\376\377\003\232\003\261\003\304\003\267\003\263\003\277\003\301\003\257\003\265\003\302\000\040\003\234\003\265\003\270\003\314\003\264\003\311\003\275\000\040\003\240\003\301\003\314\003\262\003\273\003\265\003\310\003\267\003\302}{section.10}% 10
\BOOKMARK [0][]{chapter.18}{\376\377\003\240\003\261\003\301\003\277\003\305\003\303\003\257\003\261\003\303\003\267\000\040\003\243\003\305\003\275\003\314\003\273\003\277\003\305\000\040\003\224\003\265\003\264\003\277\003\274\003\255\003\275\003\311\003\275}{}% 11
\BOOKMARK [1][]{section.19}{\376\377\003\240\003\301\003\277\003\265\003\300\003\265\003\276\003\265\003\301\003\263\003\261\003\303\003\257\003\261\000\040\003\224\003\265\003\264\003\277\003\274\003\255\003\275\003\311\003\275}{chapter.18}% 12
\BOOKMARK [1][]{section.27}{\376\377\003\224\003\271\003\261\003\264\003\271\003\272\003\261\003\303\003\257\003\261\000\040\003\225\003\300\003\271\003\303\003\267\003\274\003\265\003\257\003\311\003\303\003\267\003\302}{chapter.18}% 13
\BOOKMARK [0][]{chapter.31}{\376\377\003\234\003\255\003\270\003\277\003\264\003\277\003\271\000\040\003\240\003\301\003\314\003\262\003\273\003\265\003\310\003\267\003\302\000\040\003\224\003\271\003\272\003\261\003\303\003\304\003\271\003\272\003\316\003\275\000\040\003\221\003\300\003\277\003\306\003\254\003\303\003\265\003\311\003\275}{}% 14
\BOOKMARK [1][]{section.32}{\376\377\003\240\003\301\003\277\003\265\003\304\003\277\003\271\003\274\003\261\003\303\003\257\003\261\000\040\003\232\003\265\003\271\003\274\003\255\003\275\003\311\003\275}{chapter.31}% 15
\BOOKMARK [1][]{section.33}{\376\377\003\234\003\255\003\270\003\277\003\264\003\277\003\271\000\040\003\244\003\261\003\276\003\271\003\275\003\314\003\274\003\267\003\303\003\267\003\302}{chapter.31}% 16
\BOOKMARK [2][]{subsection.34}{\376\377\003\244\003\305\003\307\003\261\003\257\003\261\000\040\003\224\003\254\003\303\003\267\000\040\000-\000\040\000R\000a\000n\000d\000o\000m\000\040\000F\000o\000r\000e\000s\000t\000s}{section.33}% 17
\BOOKMARK [0][]{chapter.35}{\376\377\003\240\003\265\003\271\003\301\003\261\003\274\003\261\003\304\003\271\003\272\003\254\000\040\003\221\003\300\003\277\003\304\003\265\003\273\003\255\003\303\003\274\003\261\003\304\003\261\000\040\000-\000\040\003\225\003\301\003\274\003\267\003\275\003\265\003\257\003\261}{}% 18
\BOOKMARK [0][]{chapter.36}{\376\377\003\225\003\300\003\257\003\273\003\277\003\263\003\277\003\302}{}% 19
\BOOKMARK [-1][]{appendix*.37}{\376\377\003\240\003\261\003\301\003\254\003\301\003\304\003\267\003\274\003\261}{}% 20
\BOOKMARK [0][]{appendix.38}{\376\377\003\225\003\305\003\301\003\265\003\304\003\256\003\301\003\271\003\277\000\040\003\303\003\305\003\274\003\262\003\277\003\273\003\271\003\303\003\274\003\316\003\275}{appendix*.37}% 21
\BOOKMARK [0][]{appendix.40}{\376\377\003\225\003\305\003\301\003\265\003\304\003\256\003\301\003\271\003\277\000\040\003\263\003\273\003\311\003\303\003\303\003\316\003\275}{appendix*.37}% 22
\BOOKMARK [0][]{appendix.42}{\376\377\003\225\003\305\003\301\003\265\003\304\003\256\003\301\003\271\003\277\000\040\003\261\003\301\003\271\003\270\003\274\003\316\003\275}{appendix*.37}% 23
